<?xml version="1.0" encoding="UTF-8"?>
<coverage generated="1475805959">
  <project timestamp="1475805959">
    <package name="stats">
      <file name="C:\xampp\htdocs\stats/Baseball.php">
        <class name="Baseball" namespace="stats">
          <metrics complexity="9" methods="5" coveredmethods="2" conditionals="0" coveredconditionals="0" statements="25" coveredstatements="17" elements="30" coveredelements="19"/>
        </class>
        <line num="11" type="method" name="calc_avg" visibility="public" complexity="3" crap="3.79" count="4"/>
        <line num="13" type="stmt" count="4"/>
        <line num="14" type="stmt" count="0"/>
        <line num="15" type="stmt" count="0"/>
        <line num="18" type="stmt" count="4"/>
        <line num="19" type="stmt" count="4"/>
        <line num="20" type="stmt" count="0"/>
        <line num="21" type="stmt" count="0"/>
        <line num="24" type="stmt" count="4"/>
        <line num="26" type="stmt" count="4"/>
        <line num="36" type="method" name="calc_obp" visibility="public" complexity="2" crap="2.15" count="1"/>
        <line num="38" type="stmt" count="1"/>
        <line num="39" type="stmt" count="1"/>
        <line num="40" type="stmt" count="0"/>
        <line num="41" type="stmt" count="0"/>
        <line num="44" type="stmt" count="1"/>
        <line num="46" type="stmt" count="1"/>
        <line num="52" type="method" name="calc_slg" visibility="public" complexity="2" crap="2.15" count="1"/>
        <line num="54" type="stmt" count="1"/>
        <line num="55" type="stmt" count="1"/>
        <line num="56" type="stmt" count="0"/>
        <line num="57" type="stmt" count="0"/>
        <line num="60" type="stmt" count="1"/>
        <line num="62" type="stmt" count="1"/>
        <line num="64" type="method" name="calc_ops" visibility="public" complexity="1" crap="1" count="1"/>
        <line num="68" type="stmt" count="1"/>
        <line num="69" type="stmt" count="1"/>
        <line num="72" type="method" name="calc_ops_private" visibility="private" complexity="1" crap="1" count="1"/>
        <line num="76" type="stmt" count="1"/>
        <line num="77" type="stmt" count="1"/>
        <metrics loc="82" ncloc="57" classes="1" methods="5" coveredmethods="2" conditionals="0" coveredconditionals="0" statements="25" coveredstatements="17" elements="30" coveredelements="19"/>
      </file>
      <file name="C:\xampp\htdocs\stats/BaseballApi.php">
        <class name="BaseballApi" namespace="stats">
          <metrics complexity="2" methods="2" coveredmethods="1" conditionals="0" coveredconditionals="0" statements="3" coveredstatements="1" elements="5" coveredelements="2"/>
        </class>
        <line num="5" type="method" name="submitAtBat" visibility="public" complexity="1" crap="1" count="1"/>
        <line num="8" type="stmt" count="1"/>
        <line num="11" type="method" name="showAllStats" visibility="public" complexity="1" crap="2" count="0"/>
        <line num="15" type="stmt" count="0"/>
        <line num="16" type="stmt" count="0"/>
        <metrics loc="22" ncloc="16" classes="1" methods="2" coveredmethods="1" conditionals="0" coveredconditionals="0" statements="3" coveredstatements="1" elements="5" coveredelements="2"/>
      </file>
    </package>
    <package name="stats\Test">
      <file name="C:\xampp\htdocs\stats/Test/BaseballApiTest.php">
        <class name="BaseballApiTest" namespace="stats\Test">
          <metrics complexity="2" methods="2" coveredmethods="2" conditionals="0" coveredconditionals="0" statements="15" coveredstatements="15" elements="17" coveredelements="17"/>
        </class>
        <line num="21" type="method" name="test_MockObject" visibility="public" complexity="1" crap="1" count="1"/>
        <line num="26" type="stmt" count="1"/>
        <line num="27" type="stmt" count="1"/>
        <line num="29" type="stmt" count="1"/>
        <line num="30" type="stmt" count="1"/>
        <line num="31" type="stmt" count="1"/>
        <line num="32" type="stmt" count="1"/>
        <line num="33" type="stmt" count="1"/>
        <line num="34" type="stmt" count="1"/>
        <line num="35" type="stmt" count="1"/>
        <line num="38" type="method" name="testMockery" visibility="public" complexity="1" crap="1" count="1"/>
        <line num="42" type="stmt" count="1"/>
        <line num="43" type="stmt" count="1"/>
        <line num="44" type="stmt" count="1"/>
        <line num="45" type="stmt" count="1"/>
        <line num="47" type="stmt" count="1"/>
        <line num="49" type="stmt" count="1"/>
        <metrics loc="55" ncloc="29" classes="1" methods="2" coveredmethods="2" conditionals="0" coveredconditionals="0" statements="15" coveredstatements="15" elements="17" coveredelements="17"/>
      </file>
      <file name="C:\xampp\htdocs\stats/Test/BaseballTest.php">
        <class name="BaseballTest" namespace="stats\Test">
          <metrics complexity="12" methods="11" coveredmethods="10" conditionals="0" coveredconditionals="0" statements="55" coveredstatements="50" elements="66" coveredelements="60"/>
        </class>
        <line num="11" type="method" name="setUp" visibility="public" complexity="1" crap="1" count="10"/>
        <line num="12" type="stmt" count="10"/>
        <line num="13" type="stmt" count="10"/>
        <line num="14" type="stmt" count="10"/>
        <line num="16" type="method" name="tearDown" visibility="public" complexity="1" crap="1" count="10"/>
        <line num="17" type="stmt" count="10"/>
        <line num="18" type="stmt" count="10"/>
        <line num="19" type="stmt" count="10"/>
        <line num="21" type="method" name="testCalcAvgEquals" visibility="public" complexity="1" crap="1" count="1"/>
        <line num="23" type="stmt" count="1"/>
        <line num="24" type="stmt" count="1"/>
        <line num="26" type="stmt" count="1"/>
        <line num="27" type="stmt" count="1"/>
        <line num="31" type="stmt" count="1"/>
        <line num="32" type="stmt" count="1"/>
        <line num="33" type="stmt" count="1"/>
        <line num="35" type="method" name="testCalcHitsAreStrings" visibility="public" complexity="1" crap="1" count="1"/>
        <line num="37" type="stmt" count="1"/>
        <line num="38" type="stmt" count="1"/>
        <line num="40" type="stmt" count="1"/>
        <line num="41" type="stmt" count="1"/>
        <line num="45" type="stmt" count="1"/>
        <line num="46" type="stmt" count="1"/>
        <line num="47" type="stmt" count="1"/>
        <line num="58" type="method" name="testCalc" visibility="public" complexity="2" crap="2" count="4"/>
        <line num="60" type="stmt" count="4"/>
        <line num="61" type="stmt" count="2"/>
        <line num="62" type="stmt" count="2"/>
        <line num="66" type="stmt" count="2"/>
        <line num="67" type="stmt" count="2"/>
        <line num="71" type="stmt" count="2"/>
        <line num="72" type="stmt" count="2"/>
        <line num="73" type="stmt" count="2"/>
        <line num="75" type="method" name="providerCalcArgs" visibility="public" complexity="1" crap="2" count="0"/>
        <line num="79" type="stmt" count="0"/>
        <line num="80" type="stmt" count="0"/>
        <line num="81" type="stmt" count="0"/>
        <line num="82" type="stmt" count="0"/>
        <line num="83" type="stmt" count="0"/>
        <line num="89" type="method" name="testSlugging" visibility="public" complexity="1" crap="1" count="1"/>
        <line num="92" type="stmt" count="1"/>
        <line num="93" type="stmt" count="1"/>
        <line num="94" type="stmt" count="1"/>
        <line num="95" type="stmt" count="1"/>
        <line num="100" type="method" name="testOnBasePerc" visibility="public" complexity="1" crap="1" count="1"/>
        <line num="103" type="stmt" count="1"/>
        <line num="104" type="stmt" count="1"/>
        <line num="105" type="stmt" count="1"/>
        <line num="106" type="stmt" count="1"/>
        <line num="116" type="method" name="testOps" visibility="public" complexity="1" crap="1" count="1"/>
        <line num="120" type="stmt" count="1"/>
        <line num="121" type="stmt" count="1"/>
        <line num="122" type="stmt" count="1"/>
        <line num="123" type="stmt" count="1"/>
        <line num="143" type="method" name="invokeMethod" visibility="public" complexity="1" crap="1" count="1"/>
        <line num="145" type="stmt" count="1"/>
        <line num="146" type="stmt" count="1"/>
        <line num="147" type="stmt" count="1"/>
        <line num="148" type="stmt" count="1"/>
        <line num="151" type="method" name="testcalc_ops_private" visibility="public" complexity="1" crap="1" count="1"/>
        <line num="153" type="stmt" count="1"/>
        <line num="154" type="stmt" count="1"/>
        <line num="155" type="stmt" count="1"/>
        <line num="156" type="stmt" count="1"/>
        <line num="157" type="stmt" count="1"/>
        <line num="159" type="stmt" count="1"/>
        <metrics loc="181" ncloc="121" classes="1" methods="11" coveredmethods="10" conditionals="0" coveredconditionals="0" statements="55" coveredstatements="50" elements="66" coveredelements="60"/>
      </file>
    </package>
    <file name="C:\xampp\htdocs\stats/Test/FirstTest.php">
      <class name="FirstTest" namespace="global">
        <metrics complexity="1" methods="1" coveredmethods="1" conditionals="0" coveredconditionals="0" statements="1" coveredstatements="1" elements="2" coveredelements="2"/>
      </class>
      <line num="6" type="method" name="testUselessness" visibility="public" complexity="1" crap="1" count="1"/>
      <line num="9" type="stmt" count="1"/>
      <metrics loc="10" ncloc="6" classes="1" methods="1" coveredmethods="1" conditionals="0" coveredconditionals="0" statements="1" coveredstatements="1" elements="2" coveredelements="2"/>
    </file>
    <metrics files="5" loc="350" ncloc="229" classes="5" methods="21" coveredmethods="16" conditionals="0" coveredconditionals="0" statements="99" coveredstatements="84" elements="120" coveredelements="100"/>
  </project>
</coverage>
