<?xml version="1.0" encoding="UTF-8"?>
<coverage generated="1475810203">
  <project timestamp="1475810203">
    <package name="stats">
      <file name="C:\xampp\htdocs\stats/Baseball.php">
        <class name="Baseball" namespace="stats">
          <metrics complexity="9" methods="5" coveredmethods="2" conditionals="0" coveredconditionals="0" statements="25" coveredstatements="19" elements="30" coveredelements="21"/>
        </class>
        <line num="11" type="method" name="calc_avg" visibility="public" complexity="3" crap="3.10" count="5"/>
        <line num="13" type="stmt" count="5"/>
        <line num="14" type="stmt" count="0"/>
        <line num="15" type="stmt" count="0"/>
        <line num="18" type="stmt" count="5"/>
        <line num="19" type="stmt" count="5"/>
        <line num="20" type="stmt" count="1"/>
        <line num="21" type="stmt" count="1"/>
        <line num="24" type="stmt" count="4"/>
        <line num="26" type="stmt" count="5"/>
        <line num="36" type="method" name="calc_obp" visibility="public" complexity="2" crap="2.15" count="1"/>
        <line num="38" type="stmt" count="1"/>
        <line num="39" type="stmt" count="1"/>
        <line num="40" type="stmt" count="0"/>
        <line num="41" type="stmt" count="0"/>
        <line num="44" type="stmt" count="1"/>
        <line num="46" type="stmt" count="1"/>
        <line num="52" type="method" name="calc_slg" visibility="public" complexity="2" crap="2.15" count="1"/>
        <line num="54" type="stmt" count="1"/>
        <line num="55" type="stmt" count="1"/>
        <line num="56" type="stmt" count="0"/>
        <line num="57" type="stmt" count="0"/>
        <line num="60" type="stmt" count="1"/>
        <line num="62" type="stmt" count="1"/>
        <line num="64" type="method" name="calc_ops" visibility="public" complexity="1" crap="1" count="1"/>
        <line num="68" type="stmt" count="1"/>
        <line num="69" type="stmt" count="1"/>
        <line num="72" type="method" name="calc_ops_private" visibility="private" complexity="1" crap="1" count="1"/>
        <line num="76" type="stmt" count="1"/>
        <line num="77" type="stmt" count="1"/>
        <metrics loc="82" ncloc="57" classes="1" methods="5" coveredmethods="2" conditionals="0" coveredconditionals="0" statements="25" coveredstatements="19" elements="30" coveredelements="21"/>
      </file>
      <file name="C:\xampp\htdocs\stats/BaseballApi.php">
        <class name="BaseballApi" namespace="stats">
          <metrics complexity="2" methods="2" coveredmethods="1" conditionals="0" coveredconditionals="0" statements="3" coveredstatements="1" elements="5" coveredelements="2"/>
        </class>
        <line num="5" type="method" name="submitAtBat" visibility="public" complexity="1" crap="1" count="1"/>
        <line num="8" type="stmt" count="1"/>
        <line num="11" type="method" name="showAllStats" visibility="public" complexity="1" crap="2" count="0"/>
        <line num="15" type="stmt" count="0"/>
        <line num="16" type="stmt" count="0"/>
        <metrics loc="22" ncloc="16" classes="1" methods="2" coveredmethods="1" conditionals="0" coveredconditionals="0" statements="3" coveredstatements="1" elements="5" coveredelements="2"/>
      </file>
    </package>
    <metrics files="2" loc="104" ncloc="73" classes="2" methods="7" coveredmethods="3" conditionals="0" coveredconditionals="0" statements="28" coveredstatements="20" elements="35" coveredelements="23"/>
  </project>
</coverage>
